[+] Containers:
 |- [+] Container: /Game/FirstPerson/Maps/FirstPersonMap
 |   |- [+] ActorDescs:
 |   |   |- Guid:013D66B449951219F2C02B9BEE150A4C BaseClass: NativeClass:/Script/Engine.StaticMeshActor Name:StaticMeshActor_UAID_047C1635DE5116DC01_1765527370 Label:SM_Cube23 SpatiallyLoaded:1 Bounds:IsValid=true, Min=(X=400.000 Y=1100.000 Z=300.000), Max=(X=700.000 Y=1200.000 Z=400.000) RuntimeGrid:None EditorOnly:0 RuntimeOnly:0 HLODRelevant:1 FolderPath:Blocks FolderGuid:6997CE834BEEECE497D7FBAFB903F541
 |   |   |- Guid:0598ACEB491CFD995ED74A8114854452 BaseClass: NativeClass:/Script/Engine.StaticMeshActor Name:StaticMeshActor_UAID_047C1635DE5116DC01_2060579375 Label:SM_Cube28 SpatiallyLoaded:1 Bounds:IsValid=true, Min=(X=-0.000 Y=1500.000 Z=300.000), Max=(X=100.000 Y=1800.000 Z=400.000) RuntimeGrid:None EditorOnly:0 RuntimeOnly:0 HLODRelevant:1 FolderPath:Blocks FolderGuid:6997CE834BEEECE497D7FBAFB903F541
 |   |   |- Guid:06F7F8DF47741781A94140A413FBEC88 BaseClass: NativeClass:/Script/Engine.StaticMeshActor Name:StaticMeshActor_UAID_047C1635DE5116DC01_1325818360 Label:SM_Cube14 SpatiallyLoaded:1 Bounds:IsValid=true, Min=(X=0.000 Y=0.000 Z=0.000), Max=(X=100.000 Y=1200.000 Z=400.000) RuntimeGrid:None EditorOnly:0 RuntimeOnly:0 HLODRelevant:1 FolderPath:Blocks FolderGuid:6997CE834BEEECE497D7FBAFB903F541
 |   |   |- Guid:0C51177F41868347732043A94D705764 BaseClass: NativeClass:/Script/Engine.StaticMeshActor Name:StaticMeshActor_UAID_047C1635DE5116DC01_1726778368 Label:SM_Cube21 SpatiallyLoaded:1 Bounds:IsValid=true, Min=(X=600.000 Y=2100.000 Z=300.000), Max=(X=800.000 Y=2200.000 Z=400.000) RuntimeGrid:None EditorOnly:0 RuntimeOnly:0 HLODRelevant:1 FolderPath:Blocks FolderGuid:6997CE834BEEECE497D7FBAFB903F541
 |   |   |- Guid:0CCF18A540E8B89A4D3EA6BCACF2EAE9 BaseClass: NativeClass:/Script/Engine.StaticMeshActor Name:StaticMeshActor_UAID_047C1635DE5118DC01_1766820749 Label:SM_Cube42 SpatiallyLoaded:1 Bounds:IsValid=true, Min=(X=400.000 Y=2200.000 Z=0.000), Max=(X=500.000 Y=2500.000 Z=100.000) RuntimeGrid:None EditorOnly:0 RuntimeOnly:0 HLODRelevant:1 FolderPath:Blocks FolderGuid:6997CE834BEEECE497D7FBAFB903F541
 |   |   |- Guid:0EDB289B45CB7E0977A6DBA74201EE76 BaseClass: NativeClass:/Script/Engine.StaticMeshActor Name:StaticMeshActor_10 Label:SM_Cube6 SpatiallyLoaded:1 Bounds:IsValid=true, Min=(X=900.000 Y=100.000 Z=0.000), Max=(X=1000.000 Y=1200.000 Z=400.000) RuntimeGrid:None EditorOnly:0 RuntimeOnly:0 HLODRelevant:1 FolderPath:Blocks FolderGuid:6997CE834BEEECE497D7FBAFB903F541
 |   |   |- Guid:1752F057423A0B7FE86352B472B7C804 BaseClass: NativeClass:/Script/Engine.StaticMeshActor Name:StaticMeshActor_UAID_047C1635DE5117DC01_1420330555 Label:SM_Cube32 SpatiallyLoaded:1 Bounds:IsValid=true, Min=(X=100.000 Y=1220.000 Z=0.000), Max=(X=200.000 Y=1320.000 Z=75.000) RuntimeGrid:None EditorOnly:0 RuntimeOnly:0 HLODRelevant:1 FolderPath:Blocks FolderGuid:6997CE834BEEECE497D7FBAFB903F541
 |   |   |- Guid:191EA7DB4F80DE0AF13F36B8CE1A3653 BaseClass: NativeClass:/Script/Engine.StaticMeshActor Name:StaticMeshActor_UAID_047C1635DE5115DC01_1918570175 Label:SM_Cube4 SpatiallyLoaded:1 Bounds:IsValid=true, Min=(X=900.000 Y=1800.000 Z=0.000), Max=(X=1000.000 Y=2100.000 Z=100.000) RuntimeGrid:None EditorOnly:0 RuntimeOnly:0 HLODRelevant:1 FolderPath:Blocks FolderGuid:6997CE834BEEECE497D7FBAFB903F541
 |   |   |- Guid:1A5BC1F04C7CBF71C1BC34A76A1B2616 BaseClass: NativeClass:/Script/Engine.StaticMeshActor Name:StaticMeshActor_UAID_047C1635DE5118DC01_1439977739 Label:Shape_Cylinder SpatiallyLoaded:1 Bounds:IsValid=true, Min=(X=400.000 Y=500.000 Z=0.000), Max=(X=600.000 Y=700.000 Z=75.000) RuntimeGrid:None EditorOnly:0 RuntimeOnly:0 HLODRelevant:1
 |   |   |- Guid:1D11715543C7D92E092FA6AEC74D47FE BaseClass: NativeClass:/Script/Engine.StaticMeshActor Name:StaticMeshActor_UAID_047C1635DE5116DC01_1962126372 Label:SM_Cube25 SpatiallyLoaded:1 Bounds:IsValid=true, Min=(X=1300.000 Y=1100.000 Z=0.000), Max=(X=1400.000 Y=1300.000 Z=400.000) RuntimeGrid:None EditorOnly:0 RuntimeOnly:0 HLODRelevant:1 FolderPath:Blocks FolderGuid:6997CE834BEEECE497D7FBAFB903F541
 |   |   |- Guid:1F4E75A742F33073D2EC29A3440D2359 BaseClass: NativeClass:/Script/Engine.Character Name:Character_UAID_047C1635DE5117DC01_1529928558 Label:Jeff SpatiallyLoaded:1 Bounds:IsValid=true, Min=(X=1036.000 Y=1258.739 Z=-22.725), Max=(X=1104.000 Y=1441.247 Z=196.034) RuntimeGrid:None EditorOnly:0 RuntimeOnly:0 HLODRelevant:0
 |   |   |- Guid:24E4DEC24F1743FD0E50BC95A6677059 BaseClass: NativeClass:/Script/Engine.StaticMeshActor Name:StaticMeshActor_UAID_047C1635DE5118DC01_1277393736 Label:SM_Cube36 SpatiallyLoaded:1 Bounds:IsValid=true, Min=(X=100.000 Y=150.000 Z=0.000), Max=(X=200.000 Y=250.000 Z=250.000) RuntimeGrid:None EditorOnly:0 RuntimeOnly:0 HLODRelevant:1 FolderPath:Blocks FolderGuid:6997CE834BEEECE497D7FBAFB903F541
 |   |   |- Guid:28FC3C1641B76234E842B08A3E5E2609 BaseClass: NativeClass:/Script/Engine.StaticMeshActor Name:StaticMeshActor_UAID_047C1635DE5118DC01_1705906747 Label:Shape_QuadPyramid4 SpatiallyLoaded:1 Bounds:IsValid=true, Min=(X=125.000 Y=325.000 Z=100.002), Max=(X=175.000 Y=375.000 Z=150.002) RuntimeGrid:None EditorOnly:0 RuntimeOnly:0 HLODRelevant:1
 |   |   |- Guid:29DF92BE4E98D89774D67B975F3E59C0 BaseClass: NativeClass:/Script/Engine.StaticMeshActor Name:StaticMeshActor_UAID_047C1635DE5116DC01_1278058357 Label:SM_Cube11 SpatiallyLoaded:1 Bounds:IsValid=true, Min=(X=800.000 Y=2100.000 Z=0.000), Max=(X=1300.000 Y=2200.000 Z=400.000) RuntimeGrid:None EditorOnly:0 RuntimeOnly:0 HLODRelevant:1 FolderPath:Blocks FolderGuid:6997CE834BEEECE497D7FBAFB903F541
 |   |   |- Guid:2AA5C0A142C688BEC7CC01A14C31C14F BaseClass: NativeClass:/Script/Engine.StaticMeshActor Name:StaticMeshActor_UAID_047C1635DE5116DC01_1710187366 Label:SM_Cube19 SpatiallyLoaded:1 Bounds:IsValid=true, Min=(X=1300.000 Y=1800.000 Z=300.000), Max=(X=1400.000 Y=2000.000 Z=400.000) RuntimeGrid:None EditorOnly:0 RuntimeOnly:0 HLODRelevant:1 FolderPath:Blocks FolderGuid:6997CE834BEEECE497D7FBAFB903F541
 |   |   |- Guid:37AA89604ABAAAA14956DA993AB24C68 BaseClass: NativeClass:/Script/Engine.StaticMeshActor Name:StaticMeshActor_UAID_047C1635DE5117DC01_1430438556 Label:SM_Cube33 SpatiallyLoaded:1 Bounds:IsValid=true, Min=(X=100.000 Y=2370.000 Z=0.000), Max=(X=200.000 Y=2470.000 Z=75.000) RuntimeGrid:None EditorOnly:0 RuntimeOnly:0 HLODRelevant:1 FolderPath:Blocks FolderGuid:6997CE834BEEECE497D7FBAFB903F541
 |   |   |- Guid:37E4313141E71C07EE0C30A21FE477C1 BaseClass: NativeClass:/Script/Engine.StaticMeshActor Name:StaticMeshActor_UAID_047C1635DE5117DC01_1369507552 Label:SM_Cube29 SpatiallyLoaded:1 Bounds:IsValid=true, Min=(X=1100.000 Y=1300.000 Z=0.000), Max=(X=1200.000 Y=1400.000 Z=75.000) RuntimeGrid:None EditorOnly:0 RuntimeOnly:0 HLODRelevant:1 FolderPath:Blocks FolderGuid:6997CE834BEEECE497D7FBAFB903F541
 |   |   |- Guid:42A203EC4EF3DA881362E4BB4DF8EC03 BaseClass: NativeClass:/Script/Engine.StaticMeshActor Name:StaticMeshActor_UAID_047C1635DE5117DC01_1441440557 Label:SM_Cube34 SpatiallyLoaded:1 Bounds:IsValid=true, Min=(X=230.000 Y=2200.000 Z=110.000), Max=(X=305.000 Y=2300.000 Z=135.000) RuntimeGrid:None EditorOnly:0 RuntimeOnly:0 HLODRelevant:1 FolderPath:Blocks FolderGuid:6997CE834BEEECE497D7FBAFB903F541
 |   |   |- Guid:4CC1106A4CC1308CE60C7FABC2E5B5BB BaseClass: NativeClass:/Script/Engine.StaticMeshActor Name:StaticMeshActor_UAID_047C1635DE5117DC01_1400288554 Label:SM_Cube31 SpatiallyLoaded:1 Bounds:IsValid=true, Min=(X=100.000 Y=1360.000 Z=0.000), Max=(X=200.000 Y=1460.000 Z=75.000) RuntimeGrid:None EditorOnly:0 RuntimeOnly:0 HLODRelevant:1 FolderPath:Blocks FolderGuid:6997CE834BEEECE497D7FBAFB903F541
 |   |   |- Guid:5FE7584649BB6F09265329A6C57CFD0D BaseClass: NativeClass:/Script/Engine.VolumetricCloud Name:VolumetricCloud_0 Label:VolumetricCloud SpatiallyLoaded:0 Bounds:IsValid=true, Min=(X=0.000 Y=0.000 Z=820.000), Max=(X=0.000 Y=0.000 Z=820.000) RuntimeGrid:None EditorOnly:0 RuntimeOnly:0 HLODRelevant:0 FolderPath:Lighting FolderGuid:0BA5F0A04EADB18E70D5B180D08FA34B
 |   |   |- Guid:61391D344900612A77DFC3BA3E354907 BaseClass: NativeClass:/Script/Engine.ExponentialHeightFog Name:ExponentialHeightFog_0 Label:ExponentialHeightFog SpatiallyLoaded:0 Bounds:IsValid=true, Min=(X=-5600.000 Y=-50.000 Z=-6850.000), Max=(X=-5600.000 Y=-50.000 Z=-6850.000) RuntimeGrid:None EditorOnly:0 RuntimeOnly:0 HLODRelevant:0 FolderPath:Lighting FolderGuid:0BA5F0A04EADB18E70D5B180D08FA34B
 |   |   |- Guid:681AAA39475B0948FC573E9C7EDF6F26 BaseClass: NativeClass:/Script/Engine.StaticMeshActor Name:StaticMeshActor_UAID_047C1635DE5118DC01_1529420740 Label:SM_Cube37 SpatiallyLoaded:1 Bounds:IsValid=true, Min=(X=610.000 Y=430.000 Z=0.000), Max=(X=710.000 Y=530.000 Z=75.000) RuntimeGrid:None EditorOnly:0 RuntimeOnly:0 HLODRelevant:1 FolderPath:Blocks FolderGuid:6997CE834BEEECE497D7FBAFB903F541
 |   |   |- Guid:697D679D470C75B3CD9E3B989EC3EF9F BaseClass: NativeClass:/Script/Engine.StaticMeshActor Name:StaticMeshActor_UAID_047C1635DE5116DC01_1923418371 Label:SM_Cube24 SpatiallyLoaded:1 Bounds:IsValid=true, Min=(X=0.000 Y=1200.000 Z=-50.000), Max=(X=1400.000 Y=2600.000 Z=0.000) RuntimeGrid:None EditorOnly:0 RuntimeOnly:0 HLODRelevant:1 FolderPath:Blocks FolderGuid:6997CE834BEEECE497D7FBAFB903F541
 |   |   |- Guid:6C157D75447E325FFB4D62A7A98AE1D0 BaseClass: NativeClass:/Script/Engine.StaticMeshActor Name:StaticMeshActor_UAID_047C1635DE5118DC01_1613535743 Label:SM_Cube40 SpatiallyLoaded:1 Bounds:IsValid=true, Min=(X=112.187 Y=730.688 Z=98.937), Max=(X=187.187 Y=855.688 Z=173.937) RuntimeGrid:None EditorOnly:0 RuntimeOnly:0 HLODRelevant:1 FolderPath:Blocks FolderGuid:6997CE834BEEECE497D7FBAFB903F541
 |   |   |- Guid:6FEFB3BD4EB37B849EF0D4AC80F83855 BaseClass: NativeClass:/Script/Engine.WorldDataLayers Name:WorldDataLayers Label:WorldDataLayers SpatiallyLoaded:0 Bounds:IsValid=true, Min=(X=0.000 Y=0.000 Z=0.000), Max=(X=0.000 Y=0.000 Z=0.000) RuntimeGrid:None EditorOnly:0 RuntimeOnly:0 HLODRelevant:0
 |   |   |- Guid:78CAF7514C7533F30BD2F19A017AAB65 BaseClass: NativeClass:/Script/Engine.StaticMeshActor Name:StaticMeshActor_0 Label:SM_Cube SpatiallyLoaded:1 Bounds:IsValid=true, Min=(X=0.000 Y=0.000 Z=-50.000), Max=(X=1000.000 Y=1200.000 Z=0.000) RuntimeGrid:None EditorOnly:0 RuntimeOnly:0 HLODRelevant:1 FolderPath:Blocks FolderGuid:6997CE834BEEECE497D7FBAFB903F541
 |   |   |- Guid:7903DA2C408ADAE02A6E7A8A46418B76 BaseClass: NativeClass:/Script/Engine.StaticMeshActor Name:StaticMeshActor_UAID_047C1635DE5116DC01_1653763362 Label:SM_Cube15 SpatiallyLoaded:1 Bounds:IsValid=true, Min=(X=1300.000 Y=1500.000 Z=0.000), Max=(X=1400.000 Y=1800.000 Z=400.000) RuntimeGrid:None EditorOnly:0 RuntimeOnly:0 HLODRelevant:1 FolderPath:Blocks FolderGuid:6997CE834BEEECE497D7FBAFB903F541
 |   |   |- Guid:857C0F404E7B1F17FE101C8A93961E1C BaseClass: NativeClass:/Script/Engine.StaticMeshActor Name:StaticMeshActor_UAID_047C1635DE5115DC01_1950560176 Label:SM_Cube5 SpatiallyLoaded:1 Bounds:IsValid=true, Min=(X=900.000 Y=1200.000 Z=0.000), Max=(X=1000.000 Y=1500.000 Z=100.000) RuntimeGrid:None EditorOnly:0 RuntimeOnly:0 HLODRelevant:1 FolderPath:Blocks FolderGuid:6997CE834BEEECE497D7FBAFB903F541
 |   |   |- Guid:8EFCF2FC42BD9816868414A723CA2BF6 BaseClass: NativeClass:/Script/Engine.StaticMeshActor Name:StaticMeshActor_UAID_047C1635DE5116DC01_1715448367 Label:SM_Cube20 SpatiallyLoaded:1 Bounds:IsValid=true, Min=(X=1300.000 Y=1800.000 Z=0.000), Max=(X=1400.000 Y=2000.000 Z=100.000) RuntimeGrid:None EditorOnly:0 RuntimeOnly:0 HLODRelevant:1 FolderPath:Blocks FolderGuid:6997CE834BEEECE497D7FBAFB903F541
 |   |   |- Guid:90B7B8D3420C2EABA931D3A6A69DF696 BaseClass: NativeClass:/Script/Engine.StaticMeshActor Name:StaticMeshActor_3 Label:SM_Cube2 SpatiallyLoaded:1 Bounds:IsValid=true, Min=(X=0.000 Y=0.000 Z=0.000), Max=(X=1000.000 Y=100.000 Z=400.000) RuntimeGrid:None EditorOnly:0 RuntimeOnly:0 HLODRelevant:1 FolderPath:Blocks FolderGuid:6997CE834BEEECE497D7FBAFB903F541
 |   |   |- Guid:91961CE949819B5DAC8769A20EB1A18D BaseClass: NativeClass:/Script/Engine.StaticMeshActor Name:StaticMeshActor_UAID_047C1635DE5116DC01_2037828373 Label:SM_Cube26 SpatiallyLoaded:1 Bounds:IsValid=true, Min=(X=0.000 Y=1200.000 Z=0.000), Max=(X=100.000 Y=1500.000 Z=400.000) RuntimeGrid:None EditorOnly:0 RuntimeOnly:0 HLODRelevant:1 FolderPath:Blocks FolderGuid:6997CE834BEEECE497D7FBAFB903F541
 |   |   |- Guid:930C2CC4444F2B1FEE836DA04802DACA BaseClass: NativeClass:/Script/Engine.StaticMeshActor Name:StaticMeshActor_UAID_047C1635DE5118DC01_1537702741 Label:SM_Cube38 SpatiallyLoaded:1 Bounds:IsValid=true, Min=(X=330.000 Y=700.000 Z=0.000), Max=(X=430.000 Y=800.000 Z=75.000) RuntimeGrid:None EditorOnly:0 RuntimeOnly:0 HLODRelevant:1 FolderPath:Blocks FolderGuid:6997CE834BEEECE497D7FBAFB903F541
 |   |   |- Guid:9D9C0EB64C7148A8E2F3BDA145AAD61C BaseClass: NativeClass:/Script/Engine.StaticMeshActor Name:StaticMeshActor_UAID_047C1635DE5118DC01_1546035742 Label:SM_Cube39 SpatiallyLoaded:1 Bounds:IsValid=true, Min=(X=716.118 Y=917.386 Z=268.937), Max=(X=905.489 Y=1102.547 Z=384.782) RuntimeGrid:None EditorOnly:0 RuntimeOnly:0 HLODRelevant:1 FolderPath:Blocks FolderGuid:6997CE834BEEECE497D7FBAFB903F541
 |   |   |- Guid:A354B1B24E617A525DC6B48CCDE2417E BaseClass: NativeClass:/Script/Engine.PlayerStart Name:PlayerStart_0 Label:PlayerStart SpatiallyLoaded:0 Bounds:IsValid=true, Min=(X=140.000 Y=1610.000 Z=0.013), Max=(X=220.000 Y=1690.000 Z=184.013) RuntimeGrid:None EditorOnly:0 RuntimeOnly:0 HLODRelevant:0
 |   |   |- Guid:A4E979E34D6DCB31EB958A997EE99C7D BaseClass: NativeClass:/Script/Engine.StaticMeshActor Name:StaticMeshActor_UAID_047C1635DE5118DC01_1381149738 Label:Shape_QuadPyramid SpatiallyLoaded:1 Bounds:IsValid=true, Min=(X=915.000 Y=1825.000 Z=100.002), Max=(X=965.000 Y=1875.000 Z=150.002) RuntimeGrid:None EditorOnly:0 RuntimeOnly:0 HLODRelevant:1
 |   |   |- Guid:A78E566048F7D4CA86114B99B578A2E7 BaseClass: NativeClass:/Script/Engine.StaticMeshActor Name:StaticMeshActor_UAID_047C1635DE5116DC01_1300757358 Label:SM_Cube12 SpatiallyLoaded:1 Bounds:IsValid=true, Min=(X=300.000 Y=2100.000 Z=0.000), Max=(X=400.000 Y=2600.000 Z=400.000) RuntimeGrid:None EditorOnly:0 RuntimeOnly:0 HLODRelevant:1 FolderPath:Blocks FolderGuid:6997CE834BEEECE497D7FBAFB903F541
 |   |   |- Guid:AC9C3C194799CAFDF70A5686A67C5F55 BaseClass: NativeClass:/Script/Engine.StaticMeshActor Name:StaticMeshActor_UAID_047C1635DE5116DC01_1318072359 Label:SM_Cube13 SpatiallyLoaded:1 Bounds:IsValid=true, Min=(X=0.000 Y=2100.000 Z=0.000), Max=(X=100.000 Y=2600.000 Z=400.000) RuntimeGrid:None EditorOnly:0 RuntimeOnly:0 HLODRelevant:1 FolderPath:Blocks FolderGuid:6997CE834BEEECE497D7FBAFB903F541
 |   |   |- Guid:B58935DF41348EEC19D8C7B4C78514B3 BaseClass: NativeClass:/Script/Engine.StaticMeshActor Name:StaticMeshActor_UAID_047C1635DE5116DC01_1702903365 Label:SM_Cube18 SpatiallyLoaded:1 Bounds:IsValid=true, Min=(X=1300.000 Y=1300.000 Z=300.000), Max=(X=1400.000 Y=1500.000 Z=400.000) RuntimeGrid:None EditorOnly:0 RuntimeOnly:0 HLODRelevant:1 FolderPath:Blocks FolderGuid:6997CE834BEEECE497D7FBAFB903F541
 |   |   |- Guid:BBA0541140CF2F7CAD1CFAA057A38BB2 BaseClass: NativeClass:/Script/Engine.StaticMeshActor Name:StaticMeshActor_UAID_047C1635DE5118DC01_1652823744 Label:SM_Cube41 SpatiallyLoaded:1 Bounds:IsValid=true, Min=(X=112.187 Y=440.688 Z=98.937), Max=(X=187.187 Y=565.688 Z=173.937) RuntimeGrid:None EditorOnly:0 RuntimeOnly:0 HLODRelevant:1 FolderPath:Blocks FolderGuid:6997CE834BEEECE497D7FBAFB903F541
 |   |   |- Guid:BC73A9E540D3E9314F0FD5B3B1261481 BaseClass: NativeClass:/Script/Engine.StaticMeshActor Name:StaticMeshActor_UAID_047C1635DE5118DC01_1687757746 Label:Shape_QuadPyramid3 SpatiallyLoaded:1 Bounds:IsValid=true, Min=(X=515.000 Y=615.000 Z=70.002), Max=(X=565.000 Y=665.000 Z=120.002) RuntimeGrid:None EditorOnly:0 RuntimeOnly:0 HLODRelevant:1
 |   |   |- Guid:BFB5EA314A5A47185B41A0BA1AFA9DA8 BaseClass: NativeClass:/Script/Engine.StaticMeshActor Name:StaticMeshActor_UAID_047C1635DE5116DC01_1199482353 Label:SM_Cube7 SpatiallyLoaded:1 Bounds:IsValid=true, Min=(X=0.000 Y=1100.000 Z=0.000), Max=(X=400.000 Y=1200.000 Z=400.000) RuntimeGrid:None EditorOnly:0 RuntimeOnly:0 HLODRelevant:1 FolderPath:Blocks FolderGuid:6997CE834BEEECE497D7FBAFB903F541
 |   |   |- Guid:C00B233E4D0A583444FD2AB18B334420 BaseClass: NativeClass:/Script/Engine.StaticMeshActor Name:StaticMeshActor_UAID_047C1635DE5118DC01_1253490735 Label:SM_Cube35 SpatiallyLoaded:1 Bounds:IsValid=true, Min=(X=100.000 Y=300.000 Z=0.000), Max=(X=200.000 Y=1100.000 Z=100.000) RuntimeGrid:None EditorOnly:0 RuntimeOnly:0 HLODRelevant:1 FolderPath:Blocks FolderGuid:6997CE834BEEECE497D7FBAFB903F541
 |   |   |- Guid:C0C56B9644AE3D40CAFF6A878DB29844 BaseClass: NativeClass:/Script/Engine.StaticMeshActor Name:StaticMeshActor_UAID_A4AE111137DC5EFB00_2001720423 Label:SM_SkySphere SpatiallyLoaded:0 Bounds:IsValid=true, Min=(X=-1638400.000 Y=-1638400.000 Z=-1638400.000), Max=(X=1638400.000 Y=1638400.000 Z=1638400.000) RuntimeGrid:None EditorOnly:0 RuntimeOnly:0 HLODRelevant:1 FolderPath:Lighting FolderGuid:0BA5F0A04EADB18E70D5B180D08FA34B
 |   |   |- Guid:C22CE07C4B87D685137FDBBC10FC92C6 BaseClass: NativeClass:/Script/Engine.SkyAtmosphere Name:SkyAtmosphere_0 Label:SkyAtmosphere SpatiallyLoaded:0 Bounds:IsValid=true, Min=(X=0.000 Y=0.000 Z=1020.000), Max=(X=0.000 Y=0.000 Z=1020.000) RuntimeGrid:None EditorOnly:0 RuntimeOnly:0 HLODRelevant:0 FolderPath:Lighting FolderGuid:0BA5F0A04EADB18E70D5B180D08FA34B
 |   |   |- Guid:C6EBC5834B458E56FA8452B35C74D5BC BaseClass: NativeClass:/Script/Engine.StaticMeshActor Name:StaticMeshActor_UAID_047C1635DE5116DC01_1245145356 Label:SM_Cube10 SpatiallyLoaded:1 Bounds:IsValid=true, Min=(X=300.000 Y=2100.000 Z=0.000), Max=(X=600.000 Y=2200.000 Z=400.000) RuntimeGrid:None EditorOnly:0 RuntimeOnly:0 HLODRelevant:1 FolderPath:Blocks FolderGuid:6997CE834BEEECE497D7FBAFB903F541
 |   |   |- Guid:CBDC2A9042F7CB784B3B1D9741C9EC2C BaseClass: NativeClass:/Script/Engine.StaticMeshActor Name:StaticMeshActor_UAID_047C1635DE5116DC01_2049432374 Label:SM_Cube27 SpatiallyLoaded:1 Bounds:IsValid=true, Min=(X=0.000 Y=1800.000 Z=0.000), Max=(X=100.000 Y=2100.000 Z=400.000) RuntimeGrid:None EditorOnly:0 RuntimeOnly:0 HLODRelevant:1 FolderPath:Blocks FolderGuid:6997CE834BEEECE497D7FBAFB903F541
 |   |   |- Guid:CE25F8F247F3475F9B581D839E78F62A BaseClass: NativeClass:/Script/Engine.StaticMeshActor Name:StaticMeshActor_UAID_047C1635DE5118DC01_1668800745 Label:Shape_QuadPyramid2 SpatiallyLoaded:1 Bounds:IsValid=true, Min=(X=1095.000 Y=1215.000 Z=0.002), Max=(X=1145.000 Y=1265.000 Z=50.002) RuntimeGrid:None EditorOnly:0 RuntimeOnly:0 HLODRelevant:1
 |   |   |- Guid:CE8D82634660FCDB3120E2B8D547C533 BaseClass: NativeClass:/Script/Engine.PostProcessVolume Name:PostProcessVolume_0 Label:PostProcessVolume SpatiallyLoaded:0 Bounds:IsValid=true, Min=(X=0.000 Y=0.000 Z=400.000), Max=(X=200.000 Y=200.000 Z=600.000) RuntimeGrid:None EditorOnly:0 RuntimeOnly:0 HLODRelevant:0 FolderPath:Lighting FolderGuid:0BA5F0A04EADB18E70D5B180D08FA34B
 |   |   |- Guid:CF7BD9F8477A1655B9D409B32BD2BCFC BaseClass: NativeClass:/Script/Engine.StaticMeshActor Name:StaticMeshActor_UAID_047C1635DE5117DC01_1385013553 Label:SM_Cube30 SpatiallyLoaded:1 Bounds:IsValid=true, Min=(X=1100.000 Y=1900.000 Z=0.000), Max=(X=1200.000 Y=2000.000 Z=75.000) RuntimeGrid:None EditorOnly:0 RuntimeOnly:0 HLODRelevant:1 FolderPath:Blocks FolderGuid:6997CE834BEEECE497D7FBAFB903F541
 |   |   |- Guid:D65DE67B466F8AE5E4810F91347B87AC BaseClass: NativeClass:/Script/Engine.StaticMeshActor Name:StaticMeshActor_UAID_047C1635DE5116DC01_1682816364 Label:SM_Cube17 SpatiallyLoaded:1 Bounds:IsValid=true, Min=(X=1300.000 Y=1300.000 Z=0.000), Max=(X=1400.000 Y=1500.000 Z=100.000) RuntimeGrid:None EditorOnly:0 RuntimeOnly:0 HLODRelevant:1 FolderPath:Blocks FolderGuid:6997CE834BEEECE497D7FBAFB903F541
 |   |   |- Guid:D85F7F7C4B6EF4E0528B188CDE093F25 BaseClass: NativeClass:/Script/Engine.StaticMeshActor Name:StaticMeshActor_UAID_047C1635DE5116DC01_1220601354 Label:SM_Cube8 SpatiallyLoaded:1 Bounds:IsValid=true, Min=(X=700.000 Y=1100.000 Z=0.000), Max=(X=1300.000 Y=1200.000 Z=400.000) RuntimeGrid:None EditorOnly:0 RuntimeOnly:0 HLODRelevant:1 FolderPath:Blocks FolderGuid:6997CE834BEEECE497D7FBAFB903F541
 |   |   |- Guid:E5320C1B4FD9764CE7B54D8487AEC613 BaseClass: NativeClass:/Script/Engine.SkyLight Name:SkyLight_0 Label:SkyLight SpatiallyLoaded:0 Bounds:IsValid=true, Min=(X=0.000 Y=0.000 Z=690.000), Max=(X=0.000 Y=0.000 Z=690.000) RuntimeGrid:None EditorOnly:0 RuntimeOnly:0 HLODRelevant:0 FolderPath:Lighting FolderGuid:0BA5F0A04EADB18E70D5B180D08FA34B
 |   |   |- Guid:EA97B88E418BD891AFF55A9B7DF6291A BaseClass: NativeClass:/Script/Engine.StaticMeshActor Name:StaticMeshActor_UAID_047C1635DE5116DC01_1236371355 Label:SM_Cube9 SpatiallyLoaded:1 Bounds:IsValid=true, Min=(X=0.000 Y=2100.000 Z=0.000), Max=(X=100.000 Y=2200.000 Z=400.000) RuntimeGrid:None EditorOnly:0 RuntimeOnly:0 HLODRelevant:1 FolderPath:Blocks FolderGuid:6997CE834BEEECE497D7FBAFB903F541
 |   |   |- Guid:EE66F4454A4A9F99393F559AB739C05E BaseClass:/Game/FirstPerson/Blueprints/BP_Pickup_Rifle.BP_Pickup_Rifle_C NativeClass:/Script/Engine.Actor Name:BP_Rifle_C_1 Label:BP_Pickup_Rifle SpatiallyLoaded:1 Bounds:IsValid=true, Min=(X=448.000 Y=2318.000 Z=104.000), Max=(X=512.000 Y=2407.440 Z=168.000) RuntimeGrid:None EditorOnly:0 RuntimeOnly:0 HLODRelevant:0
 |   |   |- Guid:F07F1AF64C7C7C238EE1B4BF8C122DD8 BaseClass: NativeClass:/Script/Engine.StaticMeshActor Name:StaticMeshActor_4 Label:SM_Cube3 SpatiallyLoaded:1 Bounds:IsValid=true, Min=(X=0.000 Y=2500.000 Z=0.000), Max=(X=1400.000 Y=2600.000 Z=400.000) RuntimeGrid:None EditorOnly:0 RuntimeOnly:0 HLODRelevant:1 FolderPath:Blocks FolderGuid:6997CE834BEEECE497D7FBAFB903F541
 |   |   |- Guid:F80621C9446867154938FE81375207DA BaseClass: NativeClass:/Script/Engine.DirectionalLight Name:DirectionalLight_1 Label:DirectionalLight SpatiallyLoaded:0 Bounds:IsValid=true, Min=(X=-1048576.000 Y=-1048576.000 Z=-1048576.000), Max=(X=1048576.000 Y=1048576.000 Z=1048576.000) RuntimeGrid:None EditorOnly:0 RuntimeOnly:0 HLODRelevant:0 FolderPath:Lighting FolderGuid:0BA5F0A04EADB18E70D5B180D08FA34B
 |   |   |- Guid:FB8378584918AE39438D628D16E3FD3C BaseClass: NativeClass:/Script/Engine.StaticMeshActor Name:StaticMeshActor_UAID_047C1635DE5116DC01_1668353363 Label:SM_Cube16 SpatiallyLoaded:1 Bounds:IsValid=true, Min=(X=1300.000 Y=2000.000 Z=0.000), Max=(X=1400.000 Y=2600.000 Z=400.000) RuntimeGrid:None EditorOnly:0 RuntimeOnly:0 HLODRelevant:1 FolderPath:Blocks FolderGuid:6997CE834BEEECE497D7FBAFB903F541
 |   |   |- Guid:FBCBD3B743FE1B9B120C9CADC354EDD0 BaseClass: NativeClass:/Script/Engine.StaticMeshActor Name:StaticMeshActor_UAID_047C1635DE5116DC01_1757886369 Label:SM_Cube22 SpatiallyLoaded:1 Bounds:IsValid=true, Min=(X=100.000 Y=2100.000 Z=300.000), Max=(X=300.000 Y=2200.000 Z=400.000) RuntimeGrid:None EditorOnly:0 RuntimeOnly:0 HLODRelevant:1 FolderPath:Blocks FolderGuid:6997CE834BEEECE497D7FBAFB903F541
 |   |- [+] Clusters:
 |   |   |- [+] [  0]
 |   |   |   |- Guid:61391D344900612A77DFC3BA3E354907 BaseClass: NativeClass:/Script/Engine.ExponentialHeightFog Name:ExponentialHeightFog_0 Label:ExponentialHeightFog SpatiallyLoaded:0 Bounds:IsValid=true, Min=(X=-5600.000 Y=-50.000 Z=-6850.000), Max=(X=-5600.000 Y=-50.000 Z=-6850.000) RuntimeGrid:None EditorOnly:0 RuntimeOnly:0 HLODRelevant:0 FolderPath:Lighting FolderGuid:0BA5F0A04EADB18E70D5B180D08FA34B
 |   |   |- [+] [  1]
 |   |   |   |- Guid:5FE7584649BB6F09265329A6C57CFD0D BaseClass: NativeClass:/Script/Engine.VolumetricCloud Name:VolumetricCloud_0 Label:VolumetricCloud SpatiallyLoaded:0 Bounds:IsValid=true, Min=(X=0.000 Y=0.000 Z=820.000), Max=(X=0.000 Y=0.000 Z=820.000) RuntimeGrid:None EditorOnly:0 RuntimeOnly:0 HLODRelevant:0 FolderPath:Lighting FolderGuid:0BA5F0A04EADB18E70D5B180D08FA34B
 |   |   |- [+] [  2]
 |   |   |   |- Guid:F80621C9446867154938FE81375207DA BaseClass: NativeClass:/Script/Engine.DirectionalLight Name:DirectionalLight_1 Label:DirectionalLight SpatiallyLoaded:0 Bounds:IsValid=true, Min=(X=-1048576.000 Y=-1048576.000 Z=-1048576.000), Max=(X=1048576.000 Y=1048576.000 Z=1048576.000) RuntimeGrid:None EditorOnly:0 RuntimeOnly:0 HLODRelevant:0 FolderPath:Lighting FolderGuid:0BA5F0A04EADB18E70D5B180D08FA34B
 |   |   |- [+] [  3]
 |   |   |   |- Guid:90B7B8D3420C2EABA931D3A6A69DF696 BaseClass: NativeClass:/Script/Engine.StaticMeshActor Name:StaticMeshActor_3 Label:SM_Cube2 SpatiallyLoaded:1 Bounds:IsValid=true, Min=(X=0.000 Y=0.000 Z=0.000), Max=(X=1000.000 Y=100.000 Z=400.000) RuntimeGrid:None EditorOnly:0 RuntimeOnly:0 HLODRelevant:1 FolderPath:Blocks FolderGuid:6997CE834BEEECE497D7FBAFB903F541
 |   |   |- [+] [  4]
 |   |   |   |- Guid:EE66F4454A4A9F99393F559AB739C05E BaseClass:/Game/FirstPerson/Blueprints/BP_Pickup_Rifle.BP_Pickup_Rifle_C NativeClass:/Script/Engine.Actor Name:BP_Rifle_C_1 Label:BP_Pickup_Rifle SpatiallyLoaded:1 Bounds:IsValid=true, Min=(X=448.000 Y=2318.000 Z=104.000), Max=(X=512.000 Y=2407.440 Z=168.000) RuntimeGrid:None EditorOnly:0 RuntimeOnly:0 HLODRelevant:0
 |   |   |- [+] [  5]
 |   |   |   |- Guid:E5320C1B4FD9764CE7B54D8487AEC613 BaseClass: NativeClass:/Script/Engine.SkyLight Name:SkyLight_0 Label:SkyLight SpatiallyLoaded:0 Bounds:IsValid=true, Min=(X=0.000 Y=0.000 Z=690.000), Max=(X=0.000 Y=0.000 Z=690.000) RuntimeGrid:None EditorOnly:0 RuntimeOnly:0 HLODRelevant:0 FolderPath:Lighting FolderGuid:0BA5F0A04EADB18E70D5B180D08FA34B
 |   |   |- [+] [  6]
 |   |   |   |- Guid:F07F1AF64C7C7C238EE1B4BF8C122DD8 BaseClass: NativeClass:/Script/Engine.StaticMeshActor Name:StaticMeshActor_4 Label:SM_Cube3 SpatiallyLoaded:1 Bounds:IsValid=true, Min=(X=0.000 Y=2500.000 Z=0.000), Max=(X=1400.000 Y=2600.000 Z=400.000) RuntimeGrid:None EditorOnly:0 RuntimeOnly:0 HLODRelevant:1 FolderPath:Blocks FolderGuid:6997CE834BEEECE497D7FBAFB903F541
 |   |   |- [+] [  7]
 |   |   |   |- Guid:78CAF7514C7533F30BD2F19A017AAB65 BaseClass: NativeClass:/Script/Engine.StaticMeshActor Name:StaticMeshActor_0 Label:SM_Cube SpatiallyLoaded:1 Bounds:IsValid=true, Min=(X=0.000 Y=0.000 Z=-50.000), Max=(X=1000.000 Y=1200.000 Z=0.000) RuntimeGrid:None EditorOnly:0 RuntimeOnly:0 HLODRelevant:1 FolderPath:Blocks FolderGuid:6997CE834BEEECE497D7FBAFB903F541
 |   |   |- [+] [  8]
 |   |   |   |- Guid:857C0F404E7B1F17FE101C8A93961E1C BaseClass: NativeClass:/Script/Engine.StaticMeshActor Name:StaticMeshActor_UAID_047C1635DE5115DC01_1950560176 Label:SM_Cube5 SpatiallyLoaded:1 Bounds:IsValid=true, Min=(X=900.000 Y=1200.000 Z=0.000), Max=(X=1000.000 Y=1500.000 Z=100.000) RuntimeGrid:None EditorOnly:0 RuntimeOnly:0 HLODRelevant:1 FolderPath:Blocks FolderGuid:6997CE834BEEECE497D7FBAFB903F541
 |   |   |- [+] [  9]
 |   |   |   |- Guid:A354B1B24E617A525DC6B48CCDE2417E BaseClass: NativeClass:/Script/Engine.PlayerStart Name:PlayerStart_0 Label:PlayerStart SpatiallyLoaded:0 Bounds:IsValid=true, Min=(X=140.000 Y=1610.000 Z=0.013), Max=(X=220.000 Y=1690.000 Z=184.013) RuntimeGrid:None EditorOnly:0 RuntimeOnly:0 HLODRelevant:0
 |   |   |- [+] [ 10]
 |   |   |   |- Guid:191EA7DB4F80DE0AF13F36B8CE1A3653 BaseClass: NativeClass:/Script/Engine.StaticMeshActor Name:StaticMeshActor_UAID_047C1635DE5115DC01_1918570175 Label:SM_Cube4 SpatiallyLoaded:1 Bounds:IsValid=true, Min=(X=900.000 Y=1800.000 Z=0.000), Max=(X=1000.000 Y=2100.000 Z=100.000) RuntimeGrid:None EditorOnly:0 RuntimeOnly:0 HLODRelevant:1 FolderPath:Blocks FolderGuid:6997CE834BEEECE497D7FBAFB903F541
 |   |   |- [+] [ 11]
 |   |   |   |- Guid:0EDB289B45CB7E0977A6DBA74201EE76 BaseClass: NativeClass:/Script/Engine.StaticMeshActor Name:StaticMeshActor_10 Label:SM_Cube6 SpatiallyLoaded:1 Bounds:IsValid=true, Min=(X=900.000 Y=100.000 Z=0.000), Max=(X=1000.000 Y=1200.000 Z=400.000) RuntimeGrid:None EditorOnly:0 RuntimeOnly:0 HLODRelevant:1 FolderPath:Blocks FolderGuid:6997CE834BEEECE497D7FBAFB903F541
 |   |   |- [+] [ 12]
 |   |   |   |- Guid:C22CE07C4B87D685137FDBBC10FC92C6 BaseClass: NativeClass:/Script/Engine.SkyAtmosphere Name:SkyAtmosphere_0 Label:SkyAtmosphere SpatiallyLoaded:0 Bounds:IsValid=true, Min=(X=0.000 Y=0.000 Z=1020.000), Max=(X=0.000 Y=0.000 Z=1020.000) RuntimeGrid:None EditorOnly:0 RuntimeOnly:0 HLODRelevant:0 FolderPath:Lighting FolderGuid:0BA5F0A04EADB18E70D5B180D08FA34B
 |   |   |- [+] [ 13]
 |   |   |   |- Guid:C0C56B9644AE3D40CAFF6A878DB29844 BaseClass: NativeClass:/Script/Engine.StaticMeshActor Name:StaticMeshActor_UAID_A4AE111137DC5EFB00_2001720423 Label:SM_SkySphere SpatiallyLoaded:0 Bounds:IsValid=true, Min=(X=-1638400.000 Y=-1638400.000 Z=-1638400.000), Max=(X=1638400.000 Y=1638400.000 Z=1638400.000) RuntimeGrid:None EditorOnly:0 RuntimeOnly:0 HLODRelevant:1 FolderPath:Lighting FolderGuid:0BA5F0A04EADB18E70D5B180D08FA34B
 |   |   |- [+] [ 14]
 |   |   |   |- Guid:6FEFB3BD4EB37B849EF0D4AC80F83855 BaseClass: NativeClass:/Script/Engine.WorldDataLayers Name:WorldDataLayers Label:WorldDataLayers SpatiallyLoaded:0 Bounds:IsValid=true, Min=(X=0.000 Y=0.000 Z=0.000), Max=(X=0.000 Y=0.000 Z=0.000) RuntimeGrid:None EditorOnly:0 RuntimeOnly:0 HLODRelevant:0
 |   |   |- [+] [ 15]
 |   |   |   |- Guid:CE8D82634660FCDB3120E2B8D547C533 BaseClass: NativeClass:/Script/Engine.PostProcessVolume Name:PostProcessVolume_0 Label:PostProcessVolume SpatiallyLoaded:0 Bounds:IsValid=true, Min=(X=0.000 Y=0.000 Z=400.000), Max=(X=200.000 Y=200.000 Z=600.000) RuntimeGrid:None EditorOnly:0 RuntimeOnly:0 HLODRelevant:0 FolderPath:Lighting FolderGuid:0BA5F0A04EADB18E70D5B180D08FA34B
 |   |   |- [+] [ 16]
 |   |   |   |- Guid:BFB5EA314A5A47185B41A0BA1AFA9DA8 BaseClass: NativeClass:/Script/Engine.StaticMeshActor Name:StaticMeshActor_UAID_047C1635DE5116DC01_1199482353 Label:SM_Cube7 SpatiallyLoaded:1 Bounds:IsValid=true, Min=(X=0.000 Y=1100.000 Z=0.000), Max=(X=400.000 Y=1200.000 Z=400.000) RuntimeGrid:None EditorOnly:0 RuntimeOnly:0 HLODRelevant:1 FolderPath:Blocks FolderGuid:6997CE834BEEECE497D7FBAFB903F541
 |   |   |- [+] [ 17]
 |   |   |   |- Guid:D85F7F7C4B6EF4E0528B188CDE093F25 BaseClass: NativeClass:/Script/Engine.StaticMeshActor Name:StaticMeshActor_UAID_047C1635DE5116DC01_1220601354 Label:SM_Cube8 SpatiallyLoaded:1 Bounds:IsValid=true, Min=(X=700.000 Y=1100.000 Z=0.000), Max=(X=1300.000 Y=1200.000 Z=400.000) RuntimeGrid:None EditorOnly:0 RuntimeOnly:0 HLODRelevant:1 FolderPath:Blocks FolderGuid:6997CE834BEEECE497D7FBAFB903F541
 |   |   |- [+] [ 18]
 |   |   |   |- Guid:EA97B88E418BD891AFF55A9B7DF6291A BaseClass: NativeClass:/Script/Engine.StaticMeshActor Name:StaticMeshActor_UAID_047C1635DE5116DC01_1236371355 Label:SM_Cube9 SpatiallyLoaded:1 Bounds:IsValid=true, Min=(X=0.000 Y=2100.000 Z=0.000), Max=(X=100.000 Y=2200.000 Z=400.000) RuntimeGrid:None EditorOnly:0 RuntimeOnly:0 HLODRelevant:1 FolderPath:Blocks FolderGuid:6997CE834BEEECE497D7FBAFB903F541
 |   |   |- [+] [ 19]
 |   |   |   |- Guid:C6EBC5834B458E56FA8452B35C74D5BC BaseClass: NativeClass:/Script/Engine.StaticMeshActor Name:StaticMeshActor_UAID_047C1635DE5116DC01_1245145356 Label:SM_Cube10 SpatiallyLoaded:1 Bounds:IsValid=true, Min=(X=300.000 Y=2100.000 Z=0.000), Max=(X=600.000 Y=2200.000 Z=400.000) RuntimeGrid:None EditorOnly:0 RuntimeOnly:0 HLODRelevant:1 FolderPath:Blocks FolderGuid:6997CE834BEEECE497D7FBAFB903F541
 |   |   |- [+] [ 20]
 |   |   |   |- Guid:29DF92BE4E98D89774D67B975F3E59C0 BaseClass: NativeClass:/Script/Engine.StaticMeshActor Name:StaticMeshActor_UAID_047C1635DE5116DC01_1278058357 Label:SM_Cube11 SpatiallyLoaded:1 Bounds:IsValid=true, Min=(X=800.000 Y=2100.000 Z=0.000), Max=(X=1300.000 Y=2200.000 Z=400.000) RuntimeGrid:None EditorOnly:0 RuntimeOnly:0 HLODRelevant:1 FolderPath:Blocks FolderGuid:6997CE834BEEECE497D7FBAFB903F541
 |   |   |- [+] [ 21]
 |   |   |   |- Guid:A78E566048F7D4CA86114B99B578A2E7 BaseClass: NativeClass:/Script/Engine.StaticMeshActor Name:StaticMeshActor_UAID_047C1635DE5116DC01_1300757358 Label:SM_Cube12 SpatiallyLoaded:1 Bounds:IsValid=true, Min=(X=300.000 Y=2100.000 Z=0.000), Max=(X=400.000 Y=2600.000 Z=400.000) RuntimeGrid:None EditorOnly:0 RuntimeOnly:0 HLODRelevant:1 FolderPath:Blocks FolderGuid:6997CE834BEEECE497D7FBAFB903F541
 |   |   |- [+] [ 22]
 |   |   |   |- Guid:AC9C3C194799CAFDF70A5686A67C5F55 BaseClass: NativeClass:/Script/Engine.StaticMeshActor Name:StaticMeshActor_UAID_047C1635DE5116DC01_1318072359 Label:SM_Cube13 SpatiallyLoaded:1 Bounds:IsValid=true, Min=(X=0.000 Y=2100.000 Z=0.000), Max=(X=100.000 Y=2600.000 Z=400.000) RuntimeGrid:None EditorOnly:0 RuntimeOnly:0 HLODRelevant:1 FolderPath:Blocks FolderGuid:6997CE834BEEECE497D7FBAFB903F541
 |   |   |- [+] [ 23]
 |   |   |   |- Guid:06F7F8DF47741781A94140A413FBEC88 BaseClass: NativeClass:/Script/Engine.StaticMeshActor Name:StaticMeshActor_UAID_047C1635DE5116DC01_1325818360 Label:SM_Cube14 SpatiallyLoaded:1 Bounds:IsValid=true, Min=(X=0.000 Y=0.000 Z=0.000), Max=(X=100.000 Y=1200.000 Z=400.000) RuntimeGrid:None EditorOnly:0 RuntimeOnly:0 HLODRelevant:1 FolderPath:Blocks FolderGuid:6997CE834BEEECE497D7FBAFB903F541
 |   |   |- [+] [ 24]
 |   |   |   |- Guid:7903DA2C408ADAE02A6E7A8A46418B76 BaseClass: NativeClass:/Script/Engine.StaticMeshActor Name:StaticMeshActor_UAID_047C1635DE5116DC01_1653763362 Label:SM_Cube15 SpatiallyLoaded:1 Bounds:IsValid=true, Min=(X=1300.000 Y=1500.000 Z=0.000), Max=(X=1400.000 Y=1800.000 Z=400.000) RuntimeGrid:None EditorOnly:0 RuntimeOnly:0 HLODRelevant:1 FolderPath:Blocks FolderGuid:6997CE834BEEECE497D7FBAFB903F541
 |   |   |- [+] [ 25]
 |   |   |   |- Guid:FB8378584918AE39438D628D16E3FD3C BaseClass: NativeClass:/Script/Engine.StaticMeshActor Name:StaticMeshActor_UAID_047C1635DE5116DC01_1668353363 Label:SM_Cube16 SpatiallyLoaded:1 Bounds:IsValid=true, Min=(X=1300.000 Y=2000.000 Z=0.000), Max=(X=1400.000 Y=2600.000 Z=400.000) RuntimeGrid:None EditorOnly:0 RuntimeOnly:0 HLODRelevant:1 FolderPath:Blocks FolderGuid:6997CE834BEEECE497D7FBAFB903F541
 |   |   |- [+] [ 26]
 |   |   |   |- Guid:D65DE67B466F8AE5E4810F91347B87AC BaseClass: NativeClass:/Script/Engine.StaticMeshActor Name:StaticMeshActor_UAID_047C1635DE5116DC01_1682816364 Label:SM_Cube17 SpatiallyLoaded:1 Bounds:IsValid=true, Min=(X=1300.000 Y=1300.000 Z=0.000), Max=(X=1400.000 Y=1500.000 Z=100.000) RuntimeGrid:None EditorOnly:0 RuntimeOnly:0 HLODRelevant:1 FolderPath:Blocks FolderGuid:6997CE834BEEECE497D7FBAFB903F541
 |   |   |- [+] [ 27]
 |   |   |   |- Guid:B58935DF41348EEC19D8C7B4C78514B3 BaseClass: NativeClass:/Script/Engine.StaticMeshActor Name:StaticMeshActor_UAID_047C1635DE5116DC01_1702903365 Label:SM_Cube18 SpatiallyLoaded:1 Bounds:IsValid=true, Min=(X=1300.000 Y=1300.000 Z=300.000), Max=(X=1400.000 Y=1500.000 Z=400.000) RuntimeGrid:None EditorOnly:0 RuntimeOnly:0 HLODRelevant:1 FolderPath:Blocks FolderGuid:6997CE834BEEECE497D7FBAFB903F541
 |   |   |- [+] [ 28]
 |   |   |   |- Guid:2AA5C0A142C688BEC7CC01A14C31C14F BaseClass: NativeClass:/Script/Engine.StaticMeshActor Name:StaticMeshActor_UAID_047C1635DE5116DC01_1710187366 Label:SM_Cube19 SpatiallyLoaded:1 Bounds:IsValid=true, Min=(X=1300.000 Y=1800.000 Z=300.000), Max=(X=1400.000 Y=2000.000 Z=400.000) RuntimeGrid:None EditorOnly:0 RuntimeOnly:0 HLODRelevant:1 FolderPath:Blocks FolderGuid:6997CE834BEEECE497D7FBAFB903F541
 |   |   |- [+] [ 29]
 |   |   |   |- Guid:8EFCF2FC42BD9816868414A723CA2BF6 BaseClass: NativeClass:/Script/Engine.StaticMeshActor Name:StaticMeshActor_UAID_047C1635DE5116DC01_1715448367 Label:SM_Cube20 SpatiallyLoaded:1 Bounds:IsValid=true, Min=(X=1300.000 Y=1800.000 Z=0.000), Max=(X=1400.000 Y=2000.000 Z=100.000) RuntimeGrid:None EditorOnly:0 RuntimeOnly:0 HLODRelevant:1 FolderPath:Blocks FolderGuid:6997CE834BEEECE497D7FBAFB903F541
 |   |   |- [+] [ 30]
 |   |   |   |- Guid:0C51177F41868347732043A94D705764 BaseClass: NativeClass:/Script/Engine.StaticMeshActor Name:StaticMeshActor_UAID_047C1635DE5116DC01_1726778368 Label:SM_Cube21 SpatiallyLoaded:1 Bounds:IsValid=true, Min=(X=600.000 Y=2100.000 Z=300.000), Max=(X=800.000 Y=2200.000 Z=400.000) RuntimeGrid:None EditorOnly:0 RuntimeOnly:0 HLODRelevant:1 FolderPath:Blocks FolderGuid:6997CE834BEEECE497D7FBAFB903F541
 |   |   |- [+] [ 31]
 |   |   |   |- Guid:FBCBD3B743FE1B9B120C9CADC354EDD0 BaseClass: NativeClass:/Script/Engine.StaticMeshActor Name:StaticMeshActor_UAID_047C1635DE5116DC01_1757886369 Label:SM_Cube22 SpatiallyLoaded:1 Bounds:IsValid=true, Min=(X=100.000 Y=2100.000 Z=300.000), Max=(X=300.000 Y=2200.000 Z=400.000) RuntimeGrid:None EditorOnly:0 RuntimeOnly:0 HLODRelevant:1 FolderPath:Blocks FolderGuid:6997CE834BEEECE497D7FBAFB903F541
 |   |   |- [+] [ 32]
 |   |   |   |- Guid:013D66B449951219F2C02B9BEE150A4C BaseClass: NativeClass:/Script/Engine.StaticMeshActor Name:StaticMeshActor_UAID_047C1635DE5116DC01_1765527370 Label:SM_Cube23 SpatiallyLoaded:1 Bounds:IsValid=true, Min=(X=400.000 Y=1100.000 Z=300.000), Max=(X=700.000 Y=1200.000 Z=400.000) RuntimeGrid:None EditorOnly:0 RuntimeOnly:0 HLODRelevant:1 FolderPath:Blocks FolderGuid:6997CE834BEEECE497D7FBAFB903F541
 |   |   |- [+] [ 33]
 |   |   |   |- Guid:697D679D470C75B3CD9E3B989EC3EF9F BaseClass: NativeClass:/Script/Engine.StaticMeshActor Name:StaticMeshActor_UAID_047C1635DE5116DC01_1923418371 Label:SM_Cube24 SpatiallyLoaded:1 Bounds:IsValid=true, Min=(X=0.000 Y=1200.000 Z=-50.000), Max=(X=1400.000 Y=2600.000 Z=0.000) RuntimeGrid:None EditorOnly:0 RuntimeOnly:0 HLODRelevant:1 FolderPath:Blocks FolderGuid:6997CE834BEEECE497D7FBAFB903F541
 |   |   |- [+] [ 34]
 |   |   |   |- Guid:1D11715543C7D92E092FA6AEC74D47FE BaseClass: NativeClass:/Script/Engine.StaticMeshActor Name:StaticMeshActor_UAID_047C1635DE5116DC01_1962126372 Label:SM_Cube25 SpatiallyLoaded:1 Bounds:IsValid=true, Min=(X=1300.000 Y=1100.000 Z=0.000), Max=(X=1400.000 Y=1300.000 Z=400.000) RuntimeGrid:None EditorOnly:0 RuntimeOnly:0 HLODRelevant:1 FolderPath:Blocks FolderGuid:6997CE834BEEECE497D7FBAFB903F541
 |   |   |- [+] [ 35]
 |   |   |   |- Guid:91961CE949819B5DAC8769A20EB1A18D BaseClass: NativeClass:/Script/Engine.StaticMeshActor Name:StaticMeshActor_UAID_047C1635DE5116DC01_2037828373 Label:SM_Cube26 SpatiallyLoaded:1 Bounds:IsValid=true, Min=(X=0.000 Y=1200.000 Z=0.000), Max=(X=100.000 Y=1500.000 Z=400.000) RuntimeGrid:None EditorOnly:0 RuntimeOnly:0 HLODRelevant:1 FolderPath:Blocks FolderGuid:6997CE834BEEECE497D7FBAFB903F541
 |   |   |- [+] [ 36]
 |   |   |   |- Guid:CBDC2A9042F7CB784B3B1D9741C9EC2C BaseClass: NativeClass:/Script/Engine.StaticMeshActor Name:StaticMeshActor_UAID_047C1635DE5116DC01_2049432374 Label:SM_Cube27 SpatiallyLoaded:1 Bounds:IsValid=true, Min=(X=0.000 Y=1800.000 Z=0.000), Max=(X=100.000 Y=2100.000 Z=400.000) RuntimeGrid:None EditorOnly:0 RuntimeOnly:0 HLODRelevant:1 FolderPath:Blocks FolderGuid:6997CE834BEEECE497D7FBAFB903F541
 |   |   |- [+] [ 37]
 |   |   |   |- Guid:0598ACEB491CFD995ED74A8114854452 BaseClass: NativeClass:/Script/Engine.StaticMeshActor Name:StaticMeshActor_UAID_047C1635DE5116DC01_2060579375 Label:SM_Cube28 SpatiallyLoaded:1 Bounds:IsValid=true, Min=(X=-0.000 Y=1500.000 Z=300.000), Max=(X=100.000 Y=1800.000 Z=400.000) RuntimeGrid:None EditorOnly:0 RuntimeOnly:0 HLODRelevant:1 FolderPath:Blocks FolderGuid:6997CE834BEEECE497D7FBAFB903F541
 |   |   |- [+] [ 38]
 |   |   |   |- Guid:37E4313141E71C07EE0C30A21FE477C1 BaseClass: NativeClass:/Script/Engine.StaticMeshActor Name:StaticMeshActor_UAID_047C1635DE5117DC01_1369507552 Label:SM_Cube29 SpatiallyLoaded:1 Bounds:IsValid=true, Min=(X=1100.000 Y=1300.000 Z=0.000), Max=(X=1200.000 Y=1400.000 Z=75.000) RuntimeGrid:None EditorOnly:0 RuntimeOnly:0 HLODRelevant:1 FolderPath:Blocks FolderGuid:6997CE834BEEECE497D7FBAFB903F541
 |   |   |- [+] [ 39]
 |   |   |   |- Guid:CF7BD9F8477A1655B9D409B32BD2BCFC BaseClass: NativeClass:/Script/Engine.StaticMeshActor Name:StaticMeshActor_UAID_047C1635DE5117DC01_1385013553 Label:SM_Cube30 SpatiallyLoaded:1 Bounds:IsValid=true, Min=(X=1100.000 Y=1900.000 Z=0.000), Max=(X=1200.000 Y=2000.000 Z=75.000) RuntimeGrid:None EditorOnly:0 RuntimeOnly:0 HLODRelevant:1 FolderPath:Blocks FolderGuid:6997CE834BEEECE497D7FBAFB903F541
 |   |   |- [+] [ 40]
 |   |   |   |- Guid:4CC1106A4CC1308CE60C7FABC2E5B5BB BaseClass: NativeClass:/Script/Engine.StaticMeshActor Name:StaticMeshActor_UAID_047C1635DE5117DC01_1400288554 Label:SM_Cube31 SpatiallyLoaded:1 Bounds:IsValid=true, Min=(X=100.000 Y=1360.000 Z=0.000), Max=(X=200.000 Y=1460.000 Z=75.000) RuntimeGrid:None EditorOnly:0 RuntimeOnly:0 HLODRelevant:1 FolderPath:Blocks FolderGuid:6997CE834BEEECE497D7FBAFB903F541
 |   |   |- [+] [ 41]
 |   |   |   |- Guid:1752F057423A0B7FE86352B472B7C804 BaseClass: NativeClass:/Script/Engine.StaticMeshActor Name:StaticMeshActor_UAID_047C1635DE5117DC01_1420330555 Label:SM_Cube32 SpatiallyLoaded:1 Bounds:IsValid=true, Min=(X=100.000 Y=1220.000 Z=0.000), Max=(X=200.000 Y=1320.000 Z=75.000) RuntimeGrid:None EditorOnly:0 RuntimeOnly:0 HLODRelevant:1 FolderPath:Blocks FolderGuid:6997CE834BEEECE497D7FBAFB903F541
 |   |   |- [+] [ 42]
 |   |   |   |- Guid:37AA89604ABAAAA14956DA993AB24C68 BaseClass: NativeClass:/Script/Engine.StaticMeshActor Name:StaticMeshActor_UAID_047C1635DE5117DC01_1430438556 Label:SM_Cube33 SpatiallyLoaded:1 Bounds:IsValid=true, Min=(X=100.000 Y=2370.000 Z=0.000), Max=(X=200.000 Y=2470.000 Z=75.000) RuntimeGrid:None EditorOnly:0 RuntimeOnly:0 HLODRelevant:1 FolderPath:Blocks FolderGuid:6997CE834BEEECE497D7FBAFB903F541
 |   |   |- [+] [ 43]
 |   |   |   |- Guid:42A203EC4EF3DA881362E4BB4DF8EC03 BaseClass: NativeClass:/Script/Engine.StaticMeshActor Name:StaticMeshActor_UAID_047C1635DE5117DC01_1441440557 Label:SM_Cube34 SpatiallyLoaded:1 Bounds:IsValid=true, Min=(X=230.000 Y=2200.000 Z=110.000), Max=(X=305.000 Y=2300.000 Z=135.000) RuntimeGrid:None EditorOnly:0 RuntimeOnly:0 HLODRelevant:1 FolderPath:Blocks FolderGuid:6997CE834BEEECE497D7FBAFB903F541
 |   |   |- [+] [ 44]
 |   |   |   |- Guid:1F4E75A742F33073D2EC29A3440D2359 BaseClass: NativeClass:/Script/Engine.Character Name:Character_UAID_047C1635DE5117DC01_1529928558 Label:Jeff SpatiallyLoaded:1 Bounds:IsValid=true, Min=(X=1036.000 Y=1258.739 Z=-22.725), Max=(X=1104.000 Y=1441.247 Z=196.034) RuntimeGrid:None EditorOnly:0 RuntimeOnly:0 HLODRelevant:0
 |   |   |- [+] [ 45]
 |   |   |   |- Guid:C00B233E4D0A583444FD2AB18B334420 BaseClass: NativeClass:/Script/Engine.StaticMeshActor Name:StaticMeshActor_UAID_047C1635DE5118DC01_1253490735 Label:SM_Cube35 SpatiallyLoaded:1 Bounds:IsValid=true, Min=(X=100.000 Y=300.000 Z=0.000), Max=(X=200.000 Y=1100.000 Z=100.000) RuntimeGrid:None EditorOnly:0 RuntimeOnly:0 HLODRelevant:1 FolderPath:Blocks FolderGuid:6997CE834BEEECE497D7FBAFB903F541
 |   |   |- [+] [ 46]
 |   |   |   |- Guid:24E4DEC24F1743FD0E50BC95A6677059 BaseClass: NativeClass:/Script/Engine.StaticMeshActor Name:StaticMeshActor_UAID_047C1635DE5118DC01_1277393736 Label:SM_Cube36 SpatiallyLoaded:1 Bounds:IsValid=true, Min=(X=100.000 Y=150.000 Z=0.000), Max=(X=200.000 Y=250.000 Z=250.000) RuntimeGrid:None EditorOnly:0 RuntimeOnly:0 HLODRelevant:1 FolderPath:Blocks FolderGuid:6997CE834BEEECE497D7FBAFB903F541
 |   |   |- [+] [ 47]
 |   |   |   |- Guid:A4E979E34D6DCB31EB958A997EE99C7D BaseClass: NativeClass:/Script/Engine.StaticMeshActor Name:StaticMeshActor_UAID_047C1635DE5118DC01_1381149738 Label:Shape_QuadPyramid SpatiallyLoaded:1 Bounds:IsValid=true, Min=(X=915.000 Y=1825.000 Z=100.002), Max=(X=965.000 Y=1875.000 Z=150.002) RuntimeGrid:None EditorOnly:0 RuntimeOnly:0 HLODRelevant:1
 |   |   |- [+] [ 48]
 |   |   |   |- Guid:1A5BC1F04C7CBF71C1BC34A76A1B2616 BaseClass: NativeClass:/Script/Engine.StaticMeshActor Name:StaticMeshActor_UAID_047C1635DE5118DC01_1439977739 Label:Shape_Cylinder SpatiallyLoaded:1 Bounds:IsValid=true, Min=(X=400.000 Y=500.000 Z=0.000), Max=(X=600.000 Y=700.000 Z=75.000) RuntimeGrid:None EditorOnly:0 RuntimeOnly:0 HLODRelevant:1
 |   |   |- [+] [ 49]
 |   |   |   |- Guid:681AAA39475B0948FC573E9C7EDF6F26 BaseClass: NativeClass:/Script/Engine.StaticMeshActor Name:StaticMeshActor_UAID_047C1635DE5118DC01_1529420740 Label:SM_Cube37 SpatiallyLoaded:1 Bounds:IsValid=true, Min=(X=610.000 Y=430.000 Z=0.000), Max=(X=710.000 Y=530.000 Z=75.000) RuntimeGrid:None EditorOnly:0 RuntimeOnly:0 HLODRelevant:1 FolderPath:Blocks FolderGuid:6997CE834BEEECE497D7FBAFB903F541
 |   |   |- [+] [ 50]
 |   |   |   |- Guid:930C2CC4444F2B1FEE836DA04802DACA BaseClass: NativeClass:/Script/Engine.StaticMeshActor Name:StaticMeshActor_UAID_047C1635DE5118DC01_1537702741 Label:SM_Cube38 SpatiallyLoaded:1 Bounds:IsValid=true, Min=(X=330.000 Y=700.000 Z=0.000), Max=(X=430.000 Y=800.000 Z=75.000) RuntimeGrid:None EditorOnly:0 RuntimeOnly:0 HLODRelevant:1 FolderPath:Blocks FolderGuid:6997CE834BEEECE497D7FBAFB903F541
 |   |   |- [+] [ 51]
 |   |   |   |- Guid:9D9C0EB64C7148A8E2F3BDA145AAD61C BaseClass: NativeClass:/Script/Engine.StaticMeshActor Name:StaticMeshActor_UAID_047C1635DE5118DC01_1546035742 Label:SM_Cube39 SpatiallyLoaded:1 Bounds:IsValid=true, Min=(X=716.118 Y=917.386 Z=268.937), Max=(X=905.489 Y=1102.547 Z=384.782) RuntimeGrid:None EditorOnly:0 RuntimeOnly:0 HLODRelevant:1 FolderPath:Blocks FolderGuid:6997CE834BEEECE497D7FBAFB903F541
 |   |   |- [+] [ 52]
 |   |   |   |- Guid:6C157D75447E325FFB4D62A7A98AE1D0 BaseClass: NativeClass:/Script/Engine.StaticMeshActor Name:StaticMeshActor_UAID_047C1635DE5118DC01_1613535743 Label:SM_Cube40 SpatiallyLoaded:1 Bounds:IsValid=true, Min=(X=112.187 Y=730.688 Z=98.937), Max=(X=187.187 Y=855.688 Z=173.937) RuntimeGrid:None EditorOnly:0 RuntimeOnly:0 HLODRelevant:1 FolderPath:Blocks FolderGuid:6997CE834BEEECE497D7FBAFB903F541
 |   |   |- [+] [ 53]
 |   |   |   |- Guid:BBA0541140CF2F7CAD1CFAA057A38BB2 BaseClass: NativeClass:/Script/Engine.StaticMeshActor Name:StaticMeshActor_UAID_047C1635DE5118DC01_1652823744 Label:SM_Cube41 SpatiallyLoaded:1 Bounds:IsValid=true, Min=(X=112.187 Y=440.688 Z=98.937), Max=(X=187.187 Y=565.688 Z=173.937) RuntimeGrid:None EditorOnly:0 RuntimeOnly:0 HLODRelevant:1 FolderPath:Blocks FolderGuid:6997CE834BEEECE497D7FBAFB903F541
 |   |   |- [+] [ 54]
 |   |   |   |- Guid:CE25F8F247F3475F9B581D839E78F62A BaseClass: NativeClass:/Script/Engine.StaticMeshActor Name:StaticMeshActor_UAID_047C1635DE5118DC01_1668800745 Label:Shape_QuadPyramid2 SpatiallyLoaded:1 Bounds:IsValid=true, Min=(X=1095.000 Y=1215.000 Z=0.002), Max=(X=1145.000 Y=1265.000 Z=50.002) RuntimeGrid:None EditorOnly:0 RuntimeOnly:0 HLODRelevant:1
 |   |   |- [+] [ 55]
 |   |   |   |- Guid:BC73A9E540D3E9314F0FD5B3B1261481 BaseClass: NativeClass:/Script/Engine.StaticMeshActor Name:StaticMeshActor_UAID_047C1635DE5118DC01_1687757746 Label:Shape_QuadPyramid3 SpatiallyLoaded:1 Bounds:IsValid=true, Min=(X=515.000 Y=615.000 Z=70.002), Max=(X=565.000 Y=665.000 Z=120.002) RuntimeGrid:None EditorOnly:0 RuntimeOnly:0 HLODRelevant:1
 |   |   |- [+] [ 56]
 |   |   |   |- Guid:28FC3C1641B76234E842B08A3E5E2609 BaseClass: NativeClass:/Script/Engine.StaticMeshActor Name:StaticMeshActor_UAID_047C1635DE5118DC01_1705906747 Label:Shape_QuadPyramid4 SpatiallyLoaded:1 Bounds:IsValid=true, Min=(X=125.000 Y=325.000 Z=100.002), Max=(X=175.000 Y=375.000 Z=150.002) RuntimeGrid:None EditorOnly:0 RuntimeOnly:0 HLODRelevant:1
 |   |   |- [+] [ 57]
 |   |   |   |- Guid:0CCF18A540E8B89A4D3EA6BCACF2EAE9 BaseClass: NativeClass:/Script/Engine.StaticMeshActor Name:StaticMeshActor_UAID_047C1635DE5118DC01_1766820749 Label:SM_Cube42 SpatiallyLoaded:1 Bounds:IsValid=true, Min=(X=400.000 Y=2200.000 Z=0.000), Max=(X=500.000 Y=2500.000 Z=100.000) RuntimeGrid:None EditorOnly:0 RuntimeOnly:0 HLODRelevant:1 FolderPath:Blocks FolderGuid:6997CE834BEEECE497D7FBAFB903F541
 |- ContainerInstances:
 |- [+] MainContainer:
 |   |-        ID: 0x0000000000000000
 |   |-    Bounds: IsValid=false, Min=(X=0.000 Y=0.000 Z=0.000), Max=(X=0.000 Y=0.000 Z=0.000)
 |   |- Transform: 0.000000,0.000000,0.000000|0.000000,0.000000,-0.000000|1.000000,1.000000,1.000000
 |   |- Container: /Game/FirstPerson/Maps/FirstPersonMap
----------------------------------------------------------------------------------------------------------------
FirstPersonMap - Persistent Level
----------------------------------------------------------------------------------------------------------------
Always loaded Actor Count: 70 

----------------------------------------------------------------------------------------------------------------
FirstPersonMap - Runtime Spatial Hash - Streaming Grid - MainGrid
----------------------------------------------------------------------------------------------------------------
            Origin: X=0.000 Y=0.000 Z=0.000
         Cell Size: 12800
      World Bounds: IsValid=false, Min=(X=0.000 Y=0.000 Z=0.000), Max=(X=0.000 Y=0.000 Z=0.000)
     Loading Range: 25600.00
Block Slow Loading: No
 ClientOnlyVisible: No

[+] Grid Levels: 1
 |- Level  0: Cell Count    0 | Cell Size   12800 | Actor Count    0 (0.0%)

[+] Content of Grid Level 0

